{
  "stats": {
    "suites": 3,
    "tests": 14,
    "passes": 14,
    "pending": 0,
    "failures": 0,
    "start": "2025-11-07T21:30:40.842Z",
    "end": "2025-11-07T21:32:05.939Z",
    "duration": 85097,
    "testsRegistered": 14,
    "passPercent": 100,
    "pendingPercent": 0,
    "other": 0,
    "hasOther": false,
    "skipped": 0,
    "hasSkipped": false
  },
  "results": [
    {
      "uuid": "cc512f13-2653-4823-892a-afb177b2eeb4",
      "title": "",
      "fullFile": "",
      "file": "",
      "beforeHooks": [],
      "afterHooks": [],
      "tests": [],
      "suites": [
        {
          "uuid": "269006c8-088f-4e31-98e5-81ec55c6c2fb",
          "title": "SAUCEDEMO",
          "fullFile": "D:\\Bootcamp QA\\selenium_Mocha\\test_case\\tc01_login.js",
          "file": "\\test_case\\tc01_login.js",
          "beforeHooks": [
            {
              "title": "\"before each\" hook in \"SAUCEDEMO\"",
              "fullTitle": "SAUCEDEMO \"before each\" hook in \"SAUCEDEMO\"",
              "timedOut": false,
              "duration": 1429,
              "state": null,
              "speed": null,
              "pass": false,
              "fail": false,
              "pending": false,
              "context": null,
              "code": "driver = await new Builder()\n    .forBrowser('chrome')\n    .setChromeOptions(options)\n    .build();\nawait driver.manage().window().maximize();\nawait driver.get('https://www.saucedemo.com/');",
              "err": {},
              "uuid": "1f947074-d996-4749-a2a5-16b5a31a4597",
              "parentUUID": "269006c8-088f-4e31-98e5-81ec55c6c2fb",
              "isHook": true,
              "skipped": false
            }
          ],
          "afterHooks": [
            {
              "title": "\"after each\" hook in \"SAUCEDEMO\"",
              "fullTitle": "SAUCEDEMO \"after each\" hook in \"SAUCEDEMO\"",
              "timedOut": false,
              "duration": 2086,
              "state": null,
              "speed": null,
              "pass": false,
              "fail": false,
              "pending": false,
              "context": null,
              "code": "await driver.sleep(2000);\nawait driver.quit();",
              "err": {},
              "uuid": "c45d311b-e8ae-4d1a-b48e-272753af0cbc",
              "parentUUID": "269006c8-088f-4e31-98e5-81ec55c6c2fb",
              "isHook": true,
              "skipped": false
            }
          ],
          "tests": [
            {
              "title": "Valid Login",
              "fullTitle": "SAUCEDEMO Valid Login",
              "timedOut": false,
              "duration": 649,
              "state": "passed",
              "speed": "slow",
              "pass": true,
              "fail": false,
              "pending": false,
              "context": null,
              "code": "const loginPage = new LoginPage(driver);\nawait loginPage.login(\"standard_user\", \"secret_sauce\");\nconst isDisplayed = await loginPage.assertProdukDisplayed();\nassert.strictEqual(isDisplayed, true, \"Berhasil menampilakan halaman produk\");\nlet full_ss = await driver.takeScreenshot();\nfs.writeFileSync('report_ss/login/valid_login.png', Buffer.from(full_ss, 'base64'));",
              "err": {},
              "uuid": "2233c666-6491-4822-8ecf-ccd16417acdc",
              "parentUUID": "269006c8-088f-4e31-98e5-81ec55c6c2fb",
              "isHook": false,
              "skipped": false
            },
            {
              "title": "login with Invalid Username",
              "fullTitle": "SAUCEDEMO login with Invalid Username",
              "timedOut": false,
              "duration": 529,
              "state": "passed",
              "speed": "slow",
              "pass": true,
              "fail": false,
              "pending": false,
              "context": null,
              "code": "const loginPage = new LoginPage(driver);\nawait loginPage.login(\"invalid_username\", \"secret_sauce\");\nconst eror = await loginPage.getErrorMessage();\nassert.strictEqual(eror, \"Epic sadface: Username and password do not match any user in this service\");\nlet full_ss = await driver.takeScreenshot();\nfs.writeFileSync('report_ss/login/invalid_username.png', Buffer.from(full_ss, 'base64'));",
              "err": {},
              "uuid": "0f2da4e4-1f25-4fe6-bcab-d4d8ce7df3aa",
              "parentUUID": "269006c8-088f-4e31-98e5-81ec55c6c2fb",
              "isHook": false,
              "skipped": false
            },
            {
              "title": "login with Invalid Password",
              "fullTitle": "SAUCEDEMO login with Invalid Password",
              "timedOut": false,
              "duration": 668,
              "state": "passed",
              "speed": "slow",
              "pass": true,
              "fail": false,
              "pending": false,
              "context": null,
              "code": "const loginPage = new LoginPage(driver);\nawait loginPage.login(\"standard_user\", \"invalid_pass\");\nconst eror = await loginPage.getErrorMessage();\nassert.strictEqual(eror, \"Epic sadface: Username and password do not match any user in this service\");\nlet full_ss = await driver.takeScreenshot();\nfs.writeFileSync('report_ss/login/invalid_password.png', Buffer.from(full_ss, 'base64'));",
              "err": {},
              "uuid": "e2a03e22-28dc-469f-ad08-0c67b87eb8d4",
              "parentUUID": "269006c8-088f-4e31-98e5-81ec55c6c2fb",
              "isHook": false,
              "skipped": false
            },
            {
              "title": "login with Empty Username and valid Password",
              "fullTitle": "SAUCEDEMO login with Empty Username and valid Password",
              "timedOut": false,
              "duration": 508,
              "state": "passed",
              "speed": "slow",
              "pass": true,
              "fail": false,
              "pending": false,
              "context": null,
              "code": "const loginPage = new LoginPage(driver);\nawait loginPage.login(\"\", \"secret_sauce\");\nconst eror = await loginPage.getErrorMessage();\nassert.strictEqual(eror, \"Epic sadface: Username is required\");\nlet full_ss = await driver.takeScreenshot();\nfs.writeFileSync('report_ss/login/empty_username.png', Buffer.from(full_ss, 'base64'));",
              "err": {},
              "uuid": "0ad0ab90-3cd5-4325-ace5-8555fece89c6",
              "parentUUID": "269006c8-088f-4e31-98e5-81ec55c6c2fb",
              "isHook": false,
              "skipped": false
            },
            {
              "title": "login with valid Username and Empty Password",
              "fullTitle": "SAUCEDEMO login with valid Username and Empty Password",
              "timedOut": false,
              "duration": 344,
              "state": "passed",
              "speed": "slow",
              "pass": true,
              "fail": false,
              "pending": false,
              "context": null,
              "code": "const loginPage = new LoginPage(driver);\nawait loginPage.login(\"standard_user\", \"\");\nconst eror = await loginPage.getErrorMessage();\nassert.strictEqual(eror, \"Epic sadface: Password is required\");\nlet full_ss = await driver.takeScreenshot();\nfs.writeFileSync('report_ss/login/empty_password.png', Buffer.from(full_ss, 'base64'));",
              "err": {},
              "uuid": "ea5599a8-7c51-412d-aeef-bf1b2f15d89a",
              "parentUUID": "269006c8-088f-4e31-98e5-81ec55c6c2fb",
              "isHook": false,
              "skipped": false
            },
            {
              "title": "Login with locked out user",
              "fullTitle": "SAUCEDEMO Login with locked out user",
              "timedOut": false,
              "duration": 338,
              "state": "passed",
              "speed": "slow",
              "pass": true,
              "fail": false,
              "pending": false,
              "context": null,
              "code": "const loginPage = new LoginPage(driver);\nawait loginPage.login(\"locked_out_user\", \"secret_sauce\");\nconst eror = await loginPage.getErrorMessage();\nassert.strictEqual(eror, \"Epic sadface: Sorry, this user has been locked out.\");\nlet full_ss = await driver.takeScreenshot();\nfs.writeFileSync('report_ss/login/locked_out_user.png', Buffer.from(full_ss, 'base64'));",
              "err": {},
              "uuid": "1eee67cb-3330-45dd-8596-3b68e1ce2e79",
              "parentUUID": "269006c8-088f-4e31-98e5-81ec55c6c2fb",
              "isHook": false,
              "skipped": false
            },
            {
              "title": "login without username dan password",
              "fullTitle": "SAUCEDEMO login without username dan password",
              "timedOut": false,
              "duration": 557,
              "state": "passed",
              "speed": "slow",
              "pass": true,
              "fail": false,
              "pending": false,
              "context": null,
              "code": "const loginPage = new LoginPage(driver);\nawait loginPage.login(\"\", \"\");\nconst eror = await loginPage.getErrorMessage();\nassert.strictEqual(eror, \"Epic sadface: Username is required\");\nlet full_ss = await driver.takeScreenshot();\nfs.writeFileSync('report_ss/login/empty.png', Buffer.from(full_ss, 'base64'));",
              "err": {},
              "uuid": "36bf01c8-89fa-43f2-9f54-ebb54c1efdc2",
              "parentUUID": "269006c8-088f-4e31-98e5-81ec55c6c2fb",
              "isHook": false,
              "skipped": false
            },
            {
              "title": "Login with problem user",
              "fullTitle": "SAUCEDEMO Login with problem user",
              "timedOut": false,
              "duration": 717,
              "state": "passed",
              "speed": "slow",
              "pass": true,
              "fail": false,
              "pending": false,
              "context": null,
              "code": "const loginPage = new LoginPage(driver);\nawait loginPage.login(\"problem_user\", \"secret_sauce\");\nconst eror = await loginPage.assertErorProblemUser();\nassert.strictEqual(eror, true, \"Berhasil login tapi gambar tidak muncul pada halaman produk\");\nlet full_ss = await driver.takeScreenshot();\nfs.writeFileSync('report_ss/login/problem_user.png', Buffer.from(full_ss, 'base64'));",
              "err": {},
              "uuid": "e1ddb3a3-0917-4548-b806-f40270f101b5",
              "parentUUID": "269006c8-088f-4e31-98e5-81ec55c6c2fb",
              "isHook": false,
              "skipped": false
            },
            {
              "title": "Login with performance glitched user",
              "fullTitle": "SAUCEDEMO Login with performance glitched user",
              "timedOut": false,
              "duration": 5713,
              "state": "passed",
              "speed": "slow",
              "pass": true,
              "fail": false,
              "pending": false,
              "context": null,
              "code": "const loginPage = new LoginPage(driver);\nawait loginPage.login(\"performance_glitch_user\", \"secret_sauce\");\nconst isDisplayed = await loginPage.assertProdukDisplayed();\nassert.strictEqual(isDisplayed, true, \"Berhasil login tapi lambat menampilkan halaman produk\");\nlet full_ss = await driver.takeScreenshot();\nfs.writeFileSync('report_ss/login/performance_glitch_user.png', Buffer.from(full_ss, 'base64'));",
              "err": {},
              "uuid": "973788ac-30c0-4fa5-b66e-07fccff8f876",
              "parentUUID": "269006c8-088f-4e31-98e5-81ec55c6c2fb",
              "isHook": false,
              "skipped": false
            }
          ],
          "suites": [],
          "passes": [
            "2233c666-6491-4822-8ecf-ccd16417acdc",
            "0f2da4e4-1f25-4fe6-bcab-d4d8ce7df3aa",
            "e2a03e22-28dc-469f-ad08-0c67b87eb8d4",
            "0ad0ab90-3cd5-4325-ace5-8555fece89c6",
            "ea5599a8-7c51-412d-aeef-bf1b2f15d89a",
            "1eee67cb-3330-45dd-8596-3b68e1ce2e79",
            "36bf01c8-89fa-43f2-9f54-ebb54c1efdc2",
            "e1ddb3a3-0917-4548-b806-f40270f101b5",
            "973788ac-30c0-4fa5-b66e-07fccff8f876"
          ],
          "failures": [],
          "pending": [],
          "skipped": [],
          "duration": 10023,
          "root": false,
          "rootEmpty": false,
          "_timeout": 50000
        },
        {
          "uuid": "298f378d-9345-46d6-a1dc-89016b877047",
          "title": "SAUCEDEMO",
          "fullFile": "D:\\Bootcamp QA\\selenium_Mocha\\test_case\\tc02_sort.js",
          "file": "\\test_case\\tc02_sort.js",
          "beforeHooks": [
            {
              "title": "\"before each\" hook in \"SAUCEDEMO\"",
              "fullTitle": "SAUCEDEMO \"before each\" hook in \"SAUCEDEMO\"",
              "timedOut": false,
              "duration": 1987,
              "state": null,
              "speed": null,
              "pass": false,
              "fail": false,
              "pending": false,
              "context": null,
              "code": "driver = await new Builder()\n    .forBrowser('chrome')\n    .setChromeOptions(options)\n    .build();\nawait driver.manage().window().maximize();\nawait driver.get('https://www.saucedemo.com/');\nconst loginPage = new LoginPage(driver);\nawait loginPage.login(\"standard_user\", \"secret_sauce\");",
              "err": {},
              "uuid": "3da5e470-e1d9-40b4-8572-59e070e5ad4c",
              "parentUUID": "298f378d-9345-46d6-a1dc-89016b877047",
              "isHook": true,
              "skipped": false
            }
          ],
          "afterHooks": [
            {
              "title": "\"after each\" hook in \"SAUCEDEMO\"",
              "fullTitle": "SAUCEDEMO \"after each\" hook in \"SAUCEDEMO\"",
              "timedOut": false,
              "duration": 2086,
              "state": null,
              "speed": null,
              "pass": false,
              "fail": false,
              "pending": false,
              "context": null,
              "code": "await driver.sleep(2000);\nawait driver.quit();",
              "err": {},
              "uuid": "0dda4248-3604-49c2-baef-4f421b739694",
              "parentUUID": "298f378d-9345-46d6-a1dc-89016b877047",
              "isHook": true,
              "skipped": false
            }
          ],
          "tests": [
            {
              "title": "sort price high to low",
              "fullTitle": "SAUCEDEMO sort price high to low",
              "timedOut": false,
              "duration": 397,
              "state": "passed",
              "speed": "slow",
              "pass": true,
              "fail": false,
              "pending": false,
              "context": null,
              "code": "const sortPage = new sort(driver);\nawait sortPage.sortPriceHighToLow();\nconst isCorrectPrice = await sortPage.assertHilo();\nassert.strictEqual(isCorrectPrice, true, \"Produk dari harga tertinggi sesuai\");\nlet full_ss = await driver.takeScreenshot();\nfs.writeFileSync('report_ss/sort/high to low.png', Buffer.from(full_ss, 'base64'));",
              "err": {},
              "uuid": "083c934e-0d12-4a29-941a-bec8a6aaf93b",
              "parentUUID": "298f378d-9345-46d6-a1dc-89016b877047",
              "isHook": false,
              "skipped": false
            },
            {
              "title": "sort price low to high",
              "fullTitle": "SAUCEDEMO sort price low to high",
              "timedOut": false,
              "duration": 390,
              "state": "passed",
              "speed": "slow",
              "pass": true,
              "fail": false,
              "pending": false,
              "context": null,
              "code": "const sortPage = new sort(driver);\nawait sortPage.sortPriceLowToHigh();\nconst isCorrectPrice = await sortPage.assertLohi();\nassert.strictEqual(isCorrectPrice, true, \"Produk dari harga terendah sesuai\");\nlet full_ss = await driver.takeScreenshot();\nfs.writeFileSync('report_ss/sort/low to high.png', Buffer.from(full_ss, 'base64'));",
              "err": {},
              "uuid": "8f70da8c-59aa-4c18-b410-15c792ab0708",
              "parentUUID": "298f378d-9345-46d6-a1dc-89016b877047",
              "isHook": false,
              "skipped": false
            },
            {
              "title": "sort A to Z",
              "fullTitle": "SAUCEDEMO sort A to Z",
              "timedOut": false,
              "duration": 326,
              "state": "passed",
              "speed": "slow",
              "pass": true,
              "fail": false,
              "pending": false,
              "context": null,
              "code": "const sortPage = new sort(driver);\nawait sortPage.sortAtoZ();\nconst isCorrectName = await sortPage.assertAtoZ();\nassert.strictEqual(isCorrectName, true, \"Produk dari A to Z sesuai\");\nlet full_ss = await driver.takeScreenshot();\nfs.writeFileSync('report_ss/sort/A to Z.png', Buffer.from(full_ss, 'base64'));",
              "err": {},
              "uuid": "e98ed366-38a6-4d50-804b-2d50661ca06a",
              "parentUUID": "298f378d-9345-46d6-a1dc-89016b877047",
              "isHook": false,
              "skipped": false
            },
            {
              "title": "sort Z to A",
              "fullTitle": "SAUCEDEMO sort Z to A",
              "timedOut": false,
              "duration": 340,
              "state": "passed",
              "speed": "slow",
              "pass": true,
              "fail": false,
              "pending": false,
              "context": null,
              "code": "const sortPage = new sort(driver);\nawait sortPage.sortZtoA();\nconst isCorrectName = await sortPage.assertZtoA();\nassert.strictEqual(isCorrectName, true, \"Produk dari Z to A sesuai\");\nlet full_ss = await driver.takeScreenshot();\nfs.writeFileSync('report_ss/sort/Z to A.png', Buffer.from(full_ss, 'base64'));",
              "err": {},
              "uuid": "3b50ca3d-a801-47c6-9d36-569babfc16d7",
              "parentUUID": "298f378d-9345-46d6-a1dc-89016b877047",
              "isHook": false,
              "skipped": false
            }
          ],
          "suites": [],
          "passes": [
            "083c934e-0d12-4a29-941a-bec8a6aaf93b",
            "8f70da8c-59aa-4c18-b410-15c792ab0708",
            "e98ed366-38a6-4d50-804b-2d50661ca06a",
            "3b50ca3d-a801-47c6-9d36-569babfc16d7"
          ],
          "failures": [],
          "pending": [],
          "skipped": [],
          "duration": 1453,
          "root": false,
          "rootEmpty": false,
          "_timeout": 50000
        },
        {
          "uuid": "710f663b-0141-43c9-a3ca-d40349f2aa9c",
          "title": "SAUCEDEMO",
          "fullFile": "D:\\Bootcamp QA\\selenium_Mocha\\test_case\\tc03_checkout.js",
          "file": "\\test_case\\tc03_checkout.js",
          "beforeHooks": [
            {
              "title": "\"before each\" hook in \"SAUCEDEMO\"",
              "fullTitle": "SAUCEDEMO \"before each\" hook in \"SAUCEDEMO\"",
              "timedOut": false,
              "duration": 2239,
              "state": null,
              "speed": null,
              "pass": false,
              "fail": false,
              "pending": false,
              "context": null,
              "code": "driver = await new Builder()\n    .forBrowser('chrome')\n    .setChromeOptions(options)\n    .build();\nawait driver.manage().window().maximize();\nawait driver.get('https://www.saucedemo.com/');\nconst loginPage = new LoginPage(driver);\nawait loginPage.login(\"standard_user\", \"secret_sauce\");",
              "err": {},
              "uuid": "1c2e8217-6252-4140-a0f2-4b7c8ff85a28",
              "parentUUID": "710f663b-0141-43c9-a3ca-d40349f2aa9c",
              "isHook": true,
              "skipped": false
            }
          ],
          "afterHooks": [
            {
              "title": "\"after each\" hook in \"SAUCEDEMO\"",
              "fullTitle": "SAUCEDEMO \"after each\" hook in \"SAUCEDEMO\"",
              "timedOut": false,
              "duration": 2087,
              "state": null,
              "speed": null,
              "pass": false,
              "fail": false,
              "pending": false,
              "context": null,
              "code": "await driver.sleep(2000);\nawait driver.quit();",
              "err": {},
              "uuid": "d8ebfc4b-cde1-4434-9628-bef2435796f1",
              "parentUUID": "710f663b-0141-43c9-a3ca-d40349f2aa9c",
              "isHook": true,
              "skipped": false
            }
          ],
          "tests": [
            {
              "title": "Checkout",
              "fullTitle": "SAUCEDEMO Checkout",
              "timedOut": false,
              "duration": 919,
              "state": "passed",
              "speed": "slow",
              "pass": true,
              "fail": false,
              "pending": false,
              "context": null,
              "code": "const checkoutPage = new CheckoutPage(driver);\nawait checkoutPage.clickAddToCart();\nawait checkoutPage.clickCart();\nawait checkoutPage.clickCheckout();\nawait checkoutPage.fillForm(\"yono\", \"bakrie\", \"12345\");\nawait checkoutPage.clickContinue();\nawait checkoutPage.clickFinish();\nconst isCheckoutComplete = await checkoutPage.assertCheckoutComplete();\nassert.strictEqual(isCheckoutComplete, true, \"Checkout berhasil\");\nlet full_ss = await driver.takeScreenshot();\nfs.writeFileSync('report_ss/checkout/success checkout.png', Buffer.from(full_ss, 'base64'));",
              "err": {},
              "uuid": "2141f84c-f8d8-4781-9f8f-9316cdd702e9",
              "parentUUID": "710f663b-0141-43c9-a3ca-d40349f2aa9c",
              "isHook": false,
              "skipped": false
            }
          ],
          "suites": [],
          "passes": [
            "2141f84c-f8d8-4781-9f8f-9316cdd702e9"
          ],
          "failures": [],
          "pending": [],
          "skipped": [],
          "duration": 919,
          "root": false,
          "rootEmpty": false,
          "_timeout": 50000
        }
      ],
      "passes": [],
      "failures": [],
      "pending": [],
      "skipped": [],
      "duration": 0,
      "root": true,
      "rootEmpty": true,
      "_timeout": 2000
    }
  ],
  "meta": {
    "mocha": {
      "version": "11.7.4"
    },
    "mochawesome": {
      "options": {
        "quiet": false,
        "reportFilename": "report_all",
        "saveHtml": true,
        "saveJson": true,
        "consoleReporter": "spec",
        "useInlineDiffs": false,
        "code": true
      },
      "version": "7.1.4"
    },
    "marge": {
      "options": {
        "reportDir": "mochawesome-report/report_all",
        "reportFilename": "report_all"
      },
      "version": "6.3.0"
    }
  }
}