{
  "stats": {
    "suites": 3,
    "tests": 14,
    "passes": 14,
    "pending": 0,
    "failures": 0,
    "start": "2025-11-03T17:37:42.899Z",
    "end": "2025-11-03T17:38:49.267Z",
    "duration": 66368,
    "testsRegistered": 14,
    "passPercent": 100,
    "pendingPercent": 0,
    "other": 0,
    "hasOther": false,
    "skipped": 0,
    "hasSkipped": false
  },
  "results": [
    {
      "uuid": "8924ca70-7195-4479-8e31-484e032cc63f",
      "title": "",
      "fullFile": "",
      "file": "",
      "beforeHooks": [],
      "afterHooks": [],
      "tests": [],
      "suites": [
        {
          "uuid": "84a9b81d-6372-4626-ae4b-8d2a2b1bfd6f",
          "title": "SAUCEDEMO",
          "fullFile": "D:\\Bootcamp QA\\selenium_Mocha\\test_case\\tc01_login.js",
          "file": "\\test_case\\tc01_login.js",
          "beforeHooks": [
            {
              "title": "\"before each\" hook in \"SAUCEDEMO\"",
              "fullTitle": "SAUCEDEMO \"before each\" hook in \"SAUCEDEMO\"",
              "timedOut": false,
              "duration": 1525,
              "state": null,
              "speed": null,
              "pass": false,
              "fail": false,
              "pending": false,
              "context": null,
              "code": "driver = await new Builder()\n    .forBrowser('chrome')\n    .setChromeOptions(options)\n    .build();\nawait driver.manage().window().maximize();\nawait driver.get('https://www.saucedemo.com/');",
              "err": {},
              "uuid": "489341ae-045d-436b-b721-737e322be140",
              "parentUUID": "84a9b81d-6372-4626-ae4b-8d2a2b1bfd6f",
              "isHook": true,
              "skipped": false
            }
          ],
          "afterHooks": [
            {
              "title": "\"after each\" hook in \"SAUCEDEMO\"",
              "fullTitle": "SAUCEDEMO \"after each\" hook in \"SAUCEDEMO\"",
              "timedOut": false,
              "duration": 2106,
              "state": null,
              "speed": null,
              "pass": false,
              "fail": false,
              "pending": false,
              "context": null,
              "code": "await driver.sleep(2000);\nawait driver.quit();",
              "err": {},
              "uuid": "59282e13-4fe0-4632-9504-614b24890e81",
              "parentUUID": "84a9b81d-6372-4626-ae4b-8d2a2b1bfd6f",
              "isHook": true,
              "skipped": false
            }
          ],
          "tests": [
            {
              "title": "Valid Login",
              "fullTitle": "SAUCEDEMO Valid Login",
              "timedOut": false,
              "duration": 604,
              "state": "passed",
              "speed": "slow",
              "pass": true,
              "fail": false,
              "pending": false,
              "context": null,
              "code": "const loginPage = new LoginPage(driver);\nawait loginPage.login(\"standard_user\", \"secret_sauce\");\nconst isDisplayed = await loginPage.assertProdukDisplayed();\nassert.strictEqual(isDisplayed, true, \"Berhasil menampilakan halaman produk\");\nlet full_ss = await driver.takeScreenshot();\nfs.writeFileSync('report_ss/login/valid login.png', Buffer.from(full_ss, 'base64'));",
              "err": {},
              "uuid": "364f42ae-edd9-4ca6-82ba-872ef5e5f820",
              "parentUUID": "84a9b81d-6372-4626-ae4b-8d2a2b1bfd6f",
              "isHook": false,
              "skipped": false
            },
            {
              "title": "login with Invalid Username",
              "fullTitle": "SAUCEDEMO login with Invalid Username",
              "timedOut": false,
              "duration": 754,
              "state": "passed",
              "speed": "slow",
              "pass": true,
              "fail": false,
              "pending": false,
              "context": null,
              "code": "const loginPage = new LoginPage(driver);\nawait loginPage.login(\"invalid_user\", \"secret_sauce\");\nconst eror = await loginPage.getErrorMessage();\nassert.strictEqual(eror, \"Epic sadface: Username and password do not match any user in this service\");\nlet full_ss = await driver.takeScreenshot();\nfs.writeFileSync('report_ss/login/invalid username.png', Buffer.from(full_ss, 'base64'));",
              "err": {},
              "uuid": "7874f445-4521-4651-aadc-336bf6ea9843",
              "parentUUID": "84a9b81d-6372-4626-ae4b-8d2a2b1bfd6f",
              "isHook": false,
              "skipped": false
            },
            {
              "title": "login with Invalid Password",
              "fullTitle": "SAUCEDEMO login with Invalid Password",
              "timedOut": false,
              "duration": 458,
              "state": "passed",
              "speed": "slow",
              "pass": true,
              "fail": false,
              "pending": false,
              "context": null,
              "code": "const loginPage = new LoginPage(driver);\nawait loginPage.login(\"standard_user\", \"invalid_pass\");\nconst eror = await loginPage.getErrorMessage();\nassert.strictEqual(eror, \"Epic sadface: Username and password do not match any user in this service\");\nlet full_ss = await driver.takeScreenshot();\nfs.writeFileSync('report_ss/login/invalid password.png', Buffer.from(full_ss, 'base64'));",
              "err": {},
              "uuid": "068f06ba-bfd2-4f63-86c6-c787a3509248",
              "parentUUID": "84a9b81d-6372-4626-ae4b-8d2a2b1bfd6f",
              "isHook": false,
              "skipped": false
            },
            {
              "title": "login with Empty Username and valid Password",
              "fullTitle": "SAUCEDEMO login with Empty Username and valid Password",
              "timedOut": false,
              "duration": 480,
              "state": "passed",
              "speed": "slow",
              "pass": true,
              "fail": false,
              "pending": false,
              "context": null,
              "code": "const loginPage = new LoginPage(driver);\nawait loginPage.login(\"\", \"secret_sauce\");\nconst eror = await loginPage.getErrorMessage();\nassert.strictEqual(eror, \"Epic sadface: Username is required\");\nlet full_ss = await driver.takeScreenshot();\nfs.writeFileSync('report_ss/login/empty username.png', Buffer.from(full_ss, 'base64'));",
              "err": {},
              "uuid": "009a0ce6-7a8e-4c2b-9eee-e523f7c2464c",
              "parentUUID": "84a9b81d-6372-4626-ae4b-8d2a2b1bfd6f",
              "isHook": false,
              "skipped": false
            },
            {
              "title": "login with valid Username and Empty Password",
              "fullTitle": "SAUCEDEMO login with valid Username and Empty Password",
              "timedOut": false,
              "duration": 489,
              "state": "passed",
              "speed": "slow",
              "pass": true,
              "fail": false,
              "pending": false,
              "context": null,
              "code": "const loginPage = new LoginPage(driver);\nawait loginPage.login(\"standard_user\", \"\");\nconst eror = await loginPage.getErrorMessage();\nassert.strictEqual(eror, \"Epic sadface: Password is required\");\nlet full_ss = await driver.takeScreenshot();\nfs.writeFileSync('report_ss/login/empty password.png', Buffer.from(full_ss, 'base64'));",
              "err": {},
              "uuid": "4c7fd748-3ed6-4481-88ca-39b9d65ec659",
              "parentUUID": "84a9b81d-6372-4626-ae4b-8d2a2b1bfd6f",
              "isHook": false,
              "skipped": false
            },
            {
              "title": "Login with locked out user",
              "fullTitle": "SAUCEDEMO Login with locked out user",
              "timedOut": false,
              "duration": 404,
              "state": "passed",
              "speed": "slow",
              "pass": true,
              "fail": false,
              "pending": false,
              "context": null,
              "code": "const loginPage = new LoginPage(driver);\nawait loginPage.login(\"locked_out_user\", \"secret_sauce\");\nconst eror = await loginPage.getErrorMessage();\nassert.strictEqual(eror, \"Epic sadface: Sorry, this user has been locked out.\");\nlet full_ss = await driver.takeScreenshot();\nfs.writeFileSync('report_ss/login/locked out user.png', Buffer.from(full_ss, 'base64'));",
              "err": {},
              "uuid": "469f27a0-77d1-444e-a329-0992b65ae932",
              "parentUUID": "84a9b81d-6372-4626-ae4b-8d2a2b1bfd6f",
              "isHook": false,
              "skipped": false
            },
            {
              "title": "login without username dan password",
              "fullTitle": "SAUCEDEMO login without username dan password",
              "timedOut": false,
              "duration": 488,
              "state": "passed",
              "speed": "slow",
              "pass": true,
              "fail": false,
              "pending": false,
              "context": null,
              "code": "const loginPage = new LoginPage(driver);\nawait loginPage.login(\"\", \"\");\nconst eror = await loginPage.getErrorMessage();\nassert.strictEqual(eror, \"Epic sadface: Username is required\");\nlet full_ss = await driver.takeScreenshot();\nfs.writeFileSync('report_ss/login/empty.png', Buffer.from(full_ss, 'base64'));",
              "err": {},
              "uuid": "9dfc3200-44d9-42e6-b8c7-ced71e16cc9f",
              "parentUUID": "84a9b81d-6372-4626-ae4b-8d2a2b1bfd6f",
              "isHook": false,
              "skipped": false
            },
            {
              "title": "Login with problem user",
              "fullTitle": "SAUCEDEMO Login with problem user",
              "timedOut": false,
              "duration": 724,
              "state": "passed",
              "speed": "slow",
              "pass": true,
              "fail": false,
              "pending": false,
              "context": null,
              "code": "const loginPage = new LoginPage(driver);\nawait loginPage.login(\"problem_user\", \"secret_sauce\");\nconst eror = await loginPage.assertErorProblemUser();\nassert.strictEqual(eror, true, \"Berhasil login tapi gambar tidak muncul pada halaman produk\");\nlet full_ss = await driver.takeScreenshot();\nfs.writeFileSync('report_ss/login/problem user.png', Buffer.from(full_ss, 'base64'));",
              "err": {},
              "uuid": "04901f47-f24a-4eac-8e21-129fd27129c8",
              "parentUUID": "84a9b81d-6372-4626-ae4b-8d2a2b1bfd6f",
              "isHook": false,
              "skipped": false
            },
            {
              "title": "Login with performance glitched user",
              "fullTitle": "SAUCEDEMO Login with performance glitched user",
              "timedOut": false,
              "duration": 5999,
              "state": "passed",
              "speed": "slow",
              "pass": true,
              "fail": false,
              "pending": false,
              "context": null,
              "code": "const loginPage = new LoginPage(driver);\nawait loginPage.login(\"performance_glitch_user\", \"secret_sauce\");\nconst isDisplayed = await loginPage.assertProdukDisplayed();\nassert.strictEqual(isDisplayed, true, \"Berhasil login tapi lambat menampilkan halaman produk\");\nlet full_ss = await driver.takeScreenshot();\nfs.writeFileSync('report_ss/login/performance glitch user.png', Buffer.from(full_ss, 'base64'));",
              "err": {},
              "uuid": "d130842d-f4a1-4b69-9997-fba72ddd20b0",
              "parentUUID": "84a9b81d-6372-4626-ae4b-8d2a2b1bfd6f",
              "isHook": false,
              "skipped": false
            }
          ],
          "suites": [],
          "passes": [
            "364f42ae-edd9-4ca6-82ba-872ef5e5f820",
            "7874f445-4521-4651-aadc-336bf6ea9843",
            "068f06ba-bfd2-4f63-86c6-c787a3509248",
            "009a0ce6-7a8e-4c2b-9eee-e523f7c2464c",
            "4c7fd748-3ed6-4481-88ca-39b9d65ec659",
            "469f27a0-77d1-444e-a329-0992b65ae932",
            "9dfc3200-44d9-42e6-b8c7-ced71e16cc9f",
            "04901f47-f24a-4eac-8e21-129fd27129c8",
            "d130842d-f4a1-4b69-9997-fba72ddd20b0"
          ],
          "failures": [],
          "pending": [],
          "skipped": [],
          "duration": 10400,
          "root": false,
          "rootEmpty": false,
          "_timeout": 50000
        },
        {
          "uuid": "0df1f8b7-f433-4916-bf6b-de6253684996",
          "title": "SAUCEDEMO",
          "fullFile": "D:\\Bootcamp QA\\selenium_Mocha\\test_case\\tc02_sort.js",
          "file": "\\test_case\\tc02_sort.js",
          "beforeHooks": [
            {
              "title": "\"before each\" hook in \"SAUCEDEMO\"",
              "fullTitle": "SAUCEDEMO \"before each\" hook in \"SAUCEDEMO\"",
              "timedOut": false,
              "duration": 1781,
              "state": null,
              "speed": null,
              "pass": false,
              "fail": false,
              "pending": false,
              "context": null,
              "code": "driver = await new Builder()\n    .forBrowser('chrome')\n    .setChromeOptions(options)\n    .build();\nawait driver.manage().window().maximize();\nawait driver.get('https://www.saucedemo.com/');\nconst loginPage = new LoginPage(driver);\nawait loginPage.login(\"standard_user\", \"secret_sauce\");",
              "err": {},
              "uuid": "39e5aeb0-d229-46d0-b410-f3b28b215e3c",
              "parentUUID": "0df1f8b7-f433-4916-bf6b-de6253684996",
              "isHook": true,
              "skipped": false
            }
          ],
          "afterHooks": [
            {
              "title": "\"after each\" hook in \"SAUCEDEMO\"",
              "fullTitle": "SAUCEDEMO \"after each\" hook in \"SAUCEDEMO\"",
              "timedOut": false,
              "duration": 2117,
              "state": null,
              "speed": null,
              "pass": false,
              "fail": false,
              "pending": false,
              "context": null,
              "code": "await driver.sleep(2000);\nawait driver.quit();",
              "err": {},
              "uuid": "a808e86b-93f4-494a-a1df-8f226635f953",
              "parentUUID": "0df1f8b7-f433-4916-bf6b-de6253684996",
              "isHook": true,
              "skipped": false
            }
          ],
          "tests": [
            {
              "title": "sort price high to low",
              "fullTitle": "SAUCEDEMO sort price high to low",
              "timedOut": false,
              "duration": 339,
              "state": "passed",
              "speed": "slow",
              "pass": true,
              "fail": false,
              "pending": false,
              "context": null,
              "code": "const sortPage = new sort(driver);\nawait sortPage.sortPriceHighToLow();\nconst isCorrectPrice = await sortPage.assertHilo();\nassert.strictEqual(isCorrectPrice, true, \"Produk dari harga tertinggi sesuai\");\nlet full_ss = await driver.takeScreenshot();\nfs.writeFileSync('report_ss/sort/high to low.png', Buffer.from(full_ss, 'base64'));",
              "err": {},
              "uuid": "10532ab2-c2bf-4672-802a-36d943fe2ff6",
              "parentUUID": "0df1f8b7-f433-4916-bf6b-de6253684996",
              "isHook": false,
              "skipped": false
            },
            {
              "title": "sort price low to high",
              "fullTitle": "SAUCEDEMO sort price low to high",
              "timedOut": false,
              "duration": 361,
              "state": "passed",
              "speed": "slow",
              "pass": true,
              "fail": false,
              "pending": false,
              "context": null,
              "code": "const sortPage = new sort(driver);\nawait sortPage.sortPriceLowToHigh();\nconst isCorrectPrice = await sortPage.assertLohi();\nassert.strictEqual(isCorrectPrice, true, \"Produk dari harga terendah sesuai\");\nlet full_ss = await driver.takeScreenshot();\nfs.writeFileSync('report_ss/sort/low to high.png', Buffer.from(full_ss, 'base64'));",
              "err": {},
              "uuid": "02911ba8-30e8-46a5-bc00-82ca839a64a7",
              "parentUUID": "0df1f8b7-f433-4916-bf6b-de6253684996",
              "isHook": false,
              "skipped": false
            },
            {
              "title": "sort A to Z",
              "fullTitle": "SAUCEDEMO sort A to Z",
              "timedOut": false,
              "duration": 347,
              "state": "passed",
              "speed": "slow",
              "pass": true,
              "fail": false,
              "pending": false,
              "context": null,
              "code": "const sortPage = new sort(driver);\nawait sortPage.sortAtoZ();\nconst isCorrectName = await sortPage.assertAtoZ();\nassert.strictEqual(isCorrectName, true, \"Produk dari A to Z sesuai\");\nlet full_ss = await driver.takeScreenshot();\nfs.writeFileSync('report_ss/sort/A to Z.png', Buffer.from(full_ss, 'base64'));",
              "err": {},
              "uuid": "04793b44-9c38-476c-b4f0-8239b25e0e1d",
              "parentUUID": "0df1f8b7-f433-4916-bf6b-de6253684996",
              "isHook": false,
              "skipped": false
            },
            {
              "title": "sort Z to A",
              "fullTitle": "SAUCEDEMO sort Z to A",
              "timedOut": false,
              "duration": 334,
              "state": "passed",
              "speed": "slow",
              "pass": true,
              "fail": false,
              "pending": false,
              "context": null,
              "code": "const sortPage = new sort(driver);\nawait sortPage.sortZtoA();\nconst isCorrectName = await sortPage.assertZtoA();\nassert.strictEqual(isCorrectName, true, \"Produk dari Z to A sesuai\");\nlet full_ss = await driver.takeScreenshot();\nfs.writeFileSync('report_ss/sort/Z to A.png', Buffer.from(full_ss, 'base64'));",
              "err": {},
              "uuid": "09a1c47c-6c69-433c-8304-5a633271eaa3",
              "parentUUID": "0df1f8b7-f433-4916-bf6b-de6253684996",
              "isHook": false,
              "skipped": false
            }
          ],
          "suites": [],
          "passes": [
            "10532ab2-c2bf-4672-802a-36d943fe2ff6",
            "02911ba8-30e8-46a5-bc00-82ca839a64a7",
            "04793b44-9c38-476c-b4f0-8239b25e0e1d",
            "09a1c47c-6c69-433c-8304-5a633271eaa3"
          ],
          "failures": [],
          "pending": [],
          "skipped": [],
          "duration": 1381,
          "root": false,
          "rootEmpty": false,
          "_timeout": 50000
        },
        {
          "uuid": "a5d1a3b7-3eef-4c5a-9fbd-8ea9e6962456",
          "title": "SAUCEDEMO",
          "fullFile": "D:\\Bootcamp QA\\selenium_Mocha\\test_case\\tc03_checkout.js",
          "file": "\\test_case\\tc03_checkout.js",
          "beforeHooks": [
            {
              "title": "\"before each\" hook in \"SAUCEDEMO\"",
              "fullTitle": "SAUCEDEMO \"before each\" hook in \"SAUCEDEMO\"",
              "timedOut": false,
              "duration": 1773,
              "state": null,
              "speed": null,
              "pass": false,
              "fail": false,
              "pending": false,
              "context": null,
              "code": "driver = await new Builder()\n    .forBrowser('chrome')\n    .setChromeOptions(options)\n    .build();\nawait driver.manage().window().maximize();\nawait driver.get('https://www.saucedemo.com/');\nconst loginPage = new LoginPage(driver);\nawait loginPage.login(\"standard_user\", \"secret_sauce\");",
              "err": {},
              "uuid": "303a995b-0f7c-4697-b0af-db8cbe50dfc5",
              "parentUUID": "a5d1a3b7-3eef-4c5a-9fbd-8ea9e6962456",
              "isHook": true,
              "skipped": false
            }
          ],
          "afterHooks": [
            {
              "title": "\"after each\" hook in \"SAUCEDEMO\"",
              "fullTitle": "SAUCEDEMO \"after each\" hook in \"SAUCEDEMO\"",
              "timedOut": false,
              "duration": 2095,
              "state": null,
              "speed": null,
              "pass": false,
              "fail": false,
              "pending": false,
              "context": null,
              "code": "await driver.sleep(2000);\nawait driver.quit();",
              "err": {},
              "uuid": "aa82b130-6a62-4f7b-a57c-3b20df2cf340",
              "parentUUID": "a5d1a3b7-3eef-4c5a-9fbd-8ea9e6962456",
              "isHook": true,
              "skipped": false
            }
          ],
          "tests": [
            {
              "title": "Checkout",
              "fullTitle": "SAUCEDEMO Checkout",
              "timedOut": false,
              "duration": 780,
              "state": "passed",
              "speed": "slow",
              "pass": true,
              "fail": false,
              "pending": false,
              "context": null,
              "code": "const checkoutPage = new CheckoutPage(driver);\nawait checkoutPage.clickAddToCart();\nawait checkoutPage.clickCart();\nawait checkoutPage.clickCheckout();\nawait checkoutPage.fillForm(\"yono\", \"bakrie\", \"12345\");\nawait checkoutPage.clickContinue();\nawait checkoutPage.clickFinish();\nconst isCheckoutComplete = await checkoutPage.assertCheckoutComplete();\nassert.strictEqual(isCheckoutComplete, true, \"Checkout berhasil\");\nlet full_ss = await driver.takeScreenshot();\nfs.writeFileSync('report_ss/checkout/success checkout.png', Buffer.from(full_ss, 'base64'));",
              "err": {},
              "uuid": "c3e27c43-cfaf-4d29-af64-0e393852ec22",
              "parentUUID": "a5d1a3b7-3eef-4c5a-9fbd-8ea9e6962456",
              "isHook": false,
              "skipped": false
            }
          ],
          "suites": [],
          "passes": [
            "c3e27c43-cfaf-4d29-af64-0e393852ec22"
          ],
          "failures": [],
          "pending": [],
          "skipped": [],
          "duration": 780,
          "root": false,
          "rootEmpty": false,
          "_timeout": 50000
        }
      ],
      "passes": [],
      "failures": [],
      "pending": [],
      "skipped": [],
      "duration": 0,
      "root": true,
      "rootEmpty": true,
      "_timeout": 2000
    }
  ],
  "meta": {
    "mocha": {
      "version": "11.7.4"
    },
    "mochawesome": {
      "options": {
        "quiet": false,
        "reportFilename": "report_all",
        "saveHtml": true,
        "saveJson": true,
        "consoleReporter": "spec",
        "useInlineDiffs": false,
        "code": true
      },
      "version": "7.1.4"
    },
    "marge": {
      "options": {
        "reportDir": "mochawesome-report/report_all",
        "reportFilename": "report_all"
      },
      "version": "6.3.0"
    }
  }
}