{
  "stats": {
    "suites": 1,
    "tests": 9,
    "passes": 9,
    "pending": 0,
    "failures": 0,
    "start": "2025-11-07T21:20:35.293Z",
    "end": "2025-11-07T21:21:15.310Z",
    "duration": 40017,
    "testsRegistered": 9,
    "passPercent": 100,
    "pendingPercent": 0,
    "other": 0,
    "hasOther": false,
    "skipped": 0,
    "hasSkipped": false
  },
  "results": [
    {
      "uuid": "93918112-f658-4a01-b8e5-be0f2e0f7aab",
      "title": "",
      "fullFile": "D:\\Bootcamp QA\\selenium_Mocha\\test_case\\tc01_login.js",
      "file": "\\test_case\\tc01_login.js",
      "beforeHooks": [],
      "afterHooks": [],
      "tests": [],
      "suites": [
        {
          "uuid": "49f6e419-3e7f-4fd3-b668-8260c86fac60",
          "title": "SAUCEDEMO",
          "fullFile": "D:\\Bootcamp QA\\selenium_Mocha\\test_case\\tc01_login.js",
          "file": "\\test_case\\tc01_login.js",
          "beforeHooks": [
            {
              "title": "\"before each\" hook in \"SAUCEDEMO\"",
              "fullTitle": "SAUCEDEMO \"before each\" hook in \"SAUCEDEMO\"",
              "timedOut": false,
              "duration": 1442,
              "state": null,
              "speed": null,
              "pass": false,
              "fail": false,
              "pending": false,
              "context": null,
              "code": "driver = await new Builder()\n    .forBrowser('chrome')\n    .setChromeOptions(options)\n    .build();\nawait driver.manage().window().maximize();\nawait driver.get('https://www.saucedemo.com/');",
              "err": {},
              "uuid": "2dae113c-1e21-47ef-b65c-d51086d14f48",
              "parentUUID": "49f6e419-3e7f-4fd3-b668-8260c86fac60",
              "isHook": true,
              "skipped": false
            }
          ],
          "afterHooks": [
            {
              "title": "\"after each\" hook in \"SAUCEDEMO\"",
              "fullTitle": "SAUCEDEMO \"after each\" hook in \"SAUCEDEMO\"",
              "timedOut": false,
              "duration": 2092,
              "state": null,
              "speed": null,
              "pass": false,
              "fail": false,
              "pending": false,
              "context": null,
              "code": "await driver.sleep(2000);\nawait driver.quit();",
              "err": {},
              "uuid": "7aa14a6d-7ea9-446a-84fa-5d4ac71dd402",
              "parentUUID": "49f6e419-3e7f-4fd3-b668-8260c86fac60",
              "isHook": true,
              "skipped": false
            }
          ],
          "tests": [
            {
              "title": "Valid Login",
              "fullTitle": "SAUCEDEMO Valid Login",
              "timedOut": false,
              "duration": 620,
              "state": "passed",
              "speed": "slow",
              "pass": true,
              "fail": false,
              "pending": false,
              "context": null,
              "code": "const loginPage = new LoginPage(driver);\nawait loginPage.login(\"standard_user\", \"secret_sauce\");\nconst isDisplayed = await loginPage.assertProdukDisplayed();\nassert.strictEqual(isDisplayed, true, \"Berhasil menampilakan halaman produk\");\nlet full_ss = await driver.takeScreenshot();\nfs.writeFileSync('report_ss/login/valid_login.png', Buffer.from(full_ss, 'base64'));",
              "err": {},
              "uuid": "59f7d38d-59d8-435b-ba18-04953a80b96c",
              "parentUUID": "49f6e419-3e7f-4fd3-b668-8260c86fac60",
              "isHook": false,
              "skipped": false
            },
            {
              "title": "login with Invalid Username",
              "fullTitle": "SAUCEDEMO login with Invalid Username",
              "timedOut": false,
              "duration": 492,
              "state": "passed",
              "speed": "slow",
              "pass": true,
              "fail": false,
              "pending": false,
              "context": null,
              "code": "const loginPage = new LoginPage(driver);\nawait loginPage.login(\"invalid_username\", \"secret_sauce\");\nconst eror = await loginPage.getErrorMessage();\nassert.strictEqual(eror, \"Epic sadface: Username and password do not match any user in this service\");\nlet full_ss = await driver.takeScreenshot();\nfs.writeFileSync('report_ss/login/invalid_username.png', Buffer.from(full_ss, 'base64'));",
              "err": {},
              "uuid": "3e5e3983-70e8-4755-9ac6-d590adf512ae",
              "parentUUID": "49f6e419-3e7f-4fd3-b668-8260c86fac60",
              "isHook": false,
              "skipped": false
            },
            {
              "title": "login with Invalid Password",
              "fullTitle": "SAUCEDEMO login with Invalid Password",
              "timedOut": false,
              "duration": 499,
              "state": "passed",
              "speed": "slow",
              "pass": true,
              "fail": false,
              "pending": false,
              "context": null,
              "code": "const loginPage = new LoginPage(driver);\nawait loginPage.login(\"standard_user\", \"invalid_pass\");\nconst eror = await loginPage.getErrorMessage();\nassert.strictEqual(eror, \"Epic sadface: Username and password do not match any user in this service\");\nlet full_ss = await driver.takeScreenshot();\nfs.writeFileSync('report_ss/login/invalid_password.png', Buffer.from(full_ss, 'base64'));",
              "err": {},
              "uuid": "fb536e78-4026-463d-a3c1-c0aa3be96a97",
              "parentUUID": "49f6e419-3e7f-4fd3-b668-8260c86fac60",
              "isHook": false,
              "skipped": false
            },
            {
              "title": "login with Empty Username and valid Password",
              "fullTitle": "SAUCEDEMO login with Empty Username and valid Password",
              "timedOut": false,
              "duration": 452,
              "state": "passed",
              "speed": "slow",
              "pass": true,
              "fail": false,
              "pending": false,
              "context": null,
              "code": "const loginPage = new LoginPage(driver);\nawait loginPage.login(\"\", \"secret_sauce\");\nconst eror = await loginPage.getErrorMessage();\nassert.strictEqual(eror, \"Epic sadface: Username is required\");\nlet full_ss = await driver.takeScreenshot();\nfs.writeFileSync('report_ss/login/empty_username.png', Buffer.from(full_ss, 'base64'));",
              "err": {},
              "uuid": "9bc7df8b-968b-4955-ac81-a21893bee9a9",
              "parentUUID": "49f6e419-3e7f-4fd3-b668-8260c86fac60",
              "isHook": false,
              "skipped": false
            },
            {
              "title": "login with valid Username and Empty Password",
              "fullTitle": "SAUCEDEMO login with valid Username and Empty Password",
              "timedOut": false,
              "duration": 490,
              "state": "passed",
              "speed": "slow",
              "pass": true,
              "fail": false,
              "pending": false,
              "context": null,
              "code": "const loginPage = new LoginPage(driver);\nawait loginPage.login(\"standard_user\", \"\");\nconst eror = await loginPage.getErrorMessage();\nassert.strictEqual(eror, \"Epic sadface: Password is required\");\nlet full_ss = await driver.takeScreenshot();\nfs.writeFileSync('report_ss/login/empty_password.png', Buffer.from(full_ss, 'base64'));",
              "err": {},
              "uuid": "7626e501-02ab-4422-ae06-7578f2573fad",
              "parentUUID": "49f6e419-3e7f-4fd3-b668-8260c86fac60",
              "isHook": false,
              "skipped": false
            },
            {
              "title": "Login with locked out user",
              "fullTitle": "SAUCEDEMO Login with locked out user",
              "timedOut": false,
              "duration": 501,
              "state": "passed",
              "speed": "slow",
              "pass": true,
              "fail": false,
              "pending": false,
              "context": null,
              "code": "const loginPage = new LoginPage(driver);\nawait loginPage.login(\"locked_out_user\", \"secret_sauce\");\nconst eror = await loginPage.getErrorMessage();\nassert.strictEqual(eror, \"Epic sadface: Sorry, this user has been locked out.\");\nlet full_ss = await driver.takeScreenshot();\nfs.writeFileSync('report_ss/login/locked_out_user.png', Buffer.from(full_ss, 'base64'));",
              "err": {},
              "uuid": "55f40d1f-9d17-45dd-88fc-049e78779dcd",
              "parentUUID": "49f6e419-3e7f-4fd3-b668-8260c86fac60",
              "isHook": false,
              "skipped": false
            },
            {
              "title": "login without username dan password",
              "fullTitle": "SAUCEDEMO login without username dan password",
              "timedOut": false,
              "duration": 451,
              "state": "passed",
              "speed": "slow",
              "pass": true,
              "fail": false,
              "pending": false,
              "context": null,
              "code": "const loginPage = new LoginPage(driver);\nawait loginPage.login(\"\", \"\");\nconst eror = await loginPage.getErrorMessage();\nassert.strictEqual(eror, \"Epic sadface: Username is required\");\nlet full_ss = await driver.takeScreenshot();\nfs.writeFileSync('report_ss/login/empty.png', Buffer.from(full_ss, 'base64'));",
              "err": {},
              "uuid": "380e2e89-e98c-4721-8d4e-b98fad31546e",
              "parentUUID": "49f6e419-3e7f-4fd3-b668-8260c86fac60",
              "isHook": false,
              "skipped": false
            },
            {
              "title": "Login with problem user",
              "fullTitle": "SAUCEDEMO Login with problem user",
              "timedOut": false,
              "duration": 566,
              "state": "passed",
              "speed": "slow",
              "pass": true,
              "fail": false,
              "pending": false,
              "context": null,
              "code": "const loginPage = new LoginPage(driver);\nawait loginPage.login(\"problem_user\", \"secret_sauce\");\nconst eror = await loginPage.assertErorProblemUser();\nassert.strictEqual(eror, true, \"Berhasil login tapi gambar tidak muncul pada halaman produk\");\nlet full_ss = await driver.takeScreenshot();\nfs.writeFileSync('report_ss/login/problem_user.png', Buffer.from(full_ss, 'base64'));",
              "err": {},
              "uuid": "9061dc2b-fe3b-45de-a238-0b13811176fe",
              "parentUUID": "49f6e419-3e7f-4fd3-b668-8260c86fac60",
              "isHook": false,
              "skipped": false
            },
            {
              "title": "Login with performance glitched user",
              "fullTitle": "SAUCEDEMO Login with performance glitched user",
              "timedOut": false,
              "duration": 5586,
              "state": "passed",
              "speed": "slow",
              "pass": true,
              "fail": false,
              "pending": false,
              "context": null,
              "code": "const loginPage = new LoginPage(driver);\nawait loginPage.login(\"performance_glitch_user\", \"secret_sauce\");\nconst isDisplayed = await loginPage.assertProdukDisplayed();\nassert.strictEqual(isDisplayed, true, \"Berhasil login tapi lambat menampilkan halaman produk\");\nlet full_ss = await driver.takeScreenshot();\nfs.writeFileSync('report_ss/login/performance_glitch_user.png', Buffer.from(full_ss, 'base64'));",
              "err": {},
              "uuid": "58268750-3cf4-4de5-9a26-2c4e4593d3ee",
              "parentUUID": "49f6e419-3e7f-4fd3-b668-8260c86fac60",
              "isHook": false,
              "skipped": false
            }
          ],
          "suites": [],
          "passes": [
            "59f7d38d-59d8-435b-ba18-04953a80b96c",
            "3e5e3983-70e8-4755-9ac6-d590adf512ae",
            "fb536e78-4026-463d-a3c1-c0aa3be96a97",
            "9bc7df8b-968b-4955-ac81-a21893bee9a9",
            "7626e501-02ab-4422-ae06-7578f2573fad",
            "55f40d1f-9d17-45dd-88fc-049e78779dcd",
            "380e2e89-e98c-4721-8d4e-b98fad31546e",
            "9061dc2b-fe3b-45de-a238-0b13811176fe",
            "58268750-3cf4-4de5-9a26-2c4e4593d3ee"
          ],
          "failures": [],
          "pending": [],
          "skipped": [],
          "duration": 9657,
          "root": false,
          "rootEmpty": false,
          "_timeout": 50000
        }
      ],
      "passes": [],
      "failures": [],
      "pending": [],
      "skipped": [],
      "duration": 0,
      "root": true,
      "rootEmpty": true,
      "_timeout": 2000
    }
  ],
  "meta": {
    "mocha": {
      "version": "11.7.4"
    },
    "mochawesome": {
      "options": {
        "quiet": false,
        "reportFilename": "tc01_login",
        "saveHtml": true,
        "saveJson": true,
        "consoleReporter": "spec",
        "useInlineDiffs": false,
        "code": true
      },
      "version": "7.1.4"
    },
    "marge": {
      "options": {
        "reportDir": "mochawesome-report/report_login",
        "reportFilename": "tc01_login"
      },
      "version": "6.3.0"
    }
  }
}