{
  "stats": {
    "suites": 1,
    "tests": 9,
    "passes": 9,
    "pending": 0,
    "failures": 0,
    "start": "2025-11-07T18:02:10.271Z",
    "end": "2025-11-07T18:03:00.292Z",
    "duration": 50021,
    "testsRegistered": 9,
    "passPercent": 100,
    "pendingPercent": 0,
    "other": 0,
    "hasOther": false,
    "skipped": 0,
    "hasSkipped": false
  },
  "results": [
    {
      "uuid": "f4eae268-a474-416c-86fb-ab8f163b6d0a",
      "title": "",
      "fullFile": "D:\\Bootcamp QA\\selenium_Mocha\\test_case\\tc01_login.js",
      "file": "\\test_case\\tc01_login.js",
      "beforeHooks": [],
      "afterHooks": [],
      "tests": [],
      "suites": [
        {
          "uuid": "fab6a6bc-1f18-428b-8cf7-e9b491029a15",
          "title": "SAUCEDEMO",
          "fullFile": "D:\\Bootcamp QA\\selenium_Mocha\\test_case\\tc01_login.js",
          "file": "\\test_case\\tc01_login.js",
          "beforeHooks": [
            {
              "title": "\"before each\" hook in \"SAUCEDEMO\"",
              "fullTitle": "SAUCEDEMO \"before each\" hook in \"SAUCEDEMO\"",
              "timedOut": false,
              "duration": 2088,
              "state": null,
              "speed": null,
              "pass": false,
              "fail": false,
              "pending": false,
              "context": null,
              "code": "driver = await new Builder()\n    .forBrowser('chrome')\n    .setChromeOptions(options)\n    .build();\nawait driver.manage().window().maximize();\nawait driver.get('https://www.saucedemo.com/');",
              "err": {},
              "uuid": "3e704e50-9eb5-4913-89a0-6335d3eb2bba",
              "parentUUID": "fab6a6bc-1f18-428b-8cf7-e9b491029a15",
              "isHook": true,
              "skipped": false
            }
          ],
          "afterHooks": [
            {
              "title": "\"after each\" hook in \"SAUCEDEMO\"",
              "fullTitle": "SAUCEDEMO \"after each\" hook in \"SAUCEDEMO\"",
              "timedOut": false,
              "duration": 2116,
              "state": null,
              "speed": null,
              "pass": false,
              "fail": false,
              "pending": false,
              "context": null,
              "code": "await driver.sleep(2000);\nawait driver.quit();",
              "err": {},
              "uuid": "51eaa360-7edf-4720-aa93-5013f1c0843d",
              "parentUUID": "fab6a6bc-1f18-428b-8cf7-e9b491029a15",
              "isHook": true,
              "skipped": false
            }
          ],
          "tests": [
            {
              "title": "Valid Login",
              "fullTitle": "SAUCEDEMO Valid Login",
              "timedOut": false,
              "duration": 383,
              "state": "passed",
              "speed": "slow",
              "pass": true,
              "fail": false,
              "pending": false,
              "context": null,
              "code": "const loginPage = new LoginPage(driver);\nawait loginPage.login(\"standard_user\", \"secret_sauce\");\nconst isDisplayed = await loginPage.assertProdukDisplayed();\nassert.strictEqual(isDisplayed, true, \"Berhasil menampilakan halaman produk\");\nlet full_ss = await driver.takeScreenshot();\nfs.writeFileSync('report_ss/login/valid login.png', Buffer.from(full_ss, 'base64'));",
              "err": {},
              "uuid": "82794f91-5b03-4bd7-bba0-a0626a349d6f",
              "parentUUID": "fab6a6bc-1f18-428b-8cf7-e9b491029a15",
              "isHook": false,
              "skipped": false
            },
            {
              "title": "login with Invalid Username",
              "fullTitle": "SAUCEDEMO login with Invalid Username",
              "timedOut": false,
              "duration": 413,
              "state": "passed",
              "speed": "slow",
              "pass": true,
              "fail": false,
              "pending": false,
              "context": null,
              "code": "const loginPage = new LoginPage(driver);\nawait loginPage.login(\"invalid_user\", \"secret_sauce\");\nconst eror = await loginPage.getErrorMessage();\nassert.strictEqual(eror, \"Epic sadface: Username and password do not match any user in this service\");\nlet full_ss = await driver.takeScreenshot();\nfs.writeFileSync('report_ss/login/invalid username.png', Buffer.from(full_ss, 'base64'));",
              "err": {},
              "uuid": "4f9c920d-fcf2-4879-be44-47ef99bda309",
              "parentUUID": "fab6a6bc-1f18-428b-8cf7-e9b491029a15",
              "isHook": false,
              "skipped": false
            },
            {
              "title": "login with Invalid Password",
              "fullTitle": "SAUCEDEMO login with Invalid Password",
              "timedOut": false,
              "duration": 499,
              "state": "passed",
              "speed": "slow",
              "pass": true,
              "fail": false,
              "pending": false,
              "context": null,
              "code": "const loginPage = new LoginPage(driver);\nawait loginPage.login(\"standard_user\", \"invalid_pass\");\nconst eror = await loginPage.getErrorMessage();\nassert.strictEqual(eror, \"Epic sadface: Username and password do not match any user in this service\");\nlet full_ss = await driver.takeScreenshot();\nfs.writeFileSync('report_ss/login/invalid password.png', Buffer.from(full_ss, 'base64'));",
              "err": {},
              "uuid": "7ab55ad0-04fb-4739-bfca-9350430d2bae",
              "parentUUID": "fab6a6bc-1f18-428b-8cf7-e9b491029a15",
              "isHook": false,
              "skipped": false
            },
            {
              "title": "login with Empty Username and valid Password",
              "fullTitle": "SAUCEDEMO login with Empty Username and valid Password",
              "timedOut": false,
              "duration": 330,
              "state": "passed",
              "speed": "slow",
              "pass": true,
              "fail": false,
              "pending": false,
              "context": null,
              "code": "const loginPage = new LoginPage(driver);\nawait loginPage.login(\"\", \"secret_sauce\");\nconst eror = await loginPage.getErrorMessage();\nassert.strictEqual(eror, \"Epic sadface: Username is required\");\nlet full_ss = await driver.takeScreenshot();\nfs.writeFileSync('report_ss/login/empty username.png', Buffer.from(full_ss, 'base64'));",
              "err": {},
              "uuid": "3d91e09e-a506-4575-b2b9-8509f7aa027f",
              "parentUUID": "fab6a6bc-1f18-428b-8cf7-e9b491029a15",
              "isHook": false,
              "skipped": false
            },
            {
              "title": "login with valid Username and Empty Password",
              "fullTitle": "SAUCEDEMO login with valid Username and Empty Password",
              "timedOut": false,
              "duration": 421,
              "state": "passed",
              "speed": "slow",
              "pass": true,
              "fail": false,
              "pending": false,
              "context": null,
              "code": "const loginPage = new LoginPage(driver);\nawait loginPage.login(\"standard_user\", \"\");\nconst eror = await loginPage.getErrorMessage();\nassert.strictEqual(eror, \"Epic sadface: Password is required\");\nlet full_ss = await driver.takeScreenshot();\nfs.writeFileSync('report_ss/login/empty password.png', Buffer.from(full_ss, 'base64'));",
              "err": {},
              "uuid": "10cacab7-455c-4e15-b399-cb10ff7a17c6",
              "parentUUID": "fab6a6bc-1f18-428b-8cf7-e9b491029a15",
              "isHook": false,
              "skipped": false
            },
            {
              "title": "Login with locked out user",
              "fullTitle": "SAUCEDEMO Login with locked out user",
              "timedOut": false,
              "duration": 463,
              "state": "passed",
              "speed": "slow",
              "pass": true,
              "fail": false,
              "pending": false,
              "context": null,
              "code": "const loginPage = new LoginPage(driver);\nawait loginPage.login(\"locked_out_user\", \"secret_sauce\");\nconst eror = await loginPage.getErrorMessage();\nassert.strictEqual(eror, \"Epic sadface: Sorry, this user has been locked out.\");\nlet full_ss = await driver.takeScreenshot();\nfs.writeFileSync('report_ss/login/locked out user.png', Buffer.from(full_ss, 'base64'));",
              "err": {},
              "uuid": "2e36fb5e-931c-4211-a76c-aa9bdd61e9b4",
              "parentUUID": "fab6a6bc-1f18-428b-8cf7-e9b491029a15",
              "isHook": false,
              "skipped": false
            },
            {
              "title": "login without username dan password",
              "fullTitle": "SAUCEDEMO login without username dan password",
              "timedOut": false,
              "duration": 350,
              "state": "passed",
              "speed": "slow",
              "pass": true,
              "fail": false,
              "pending": false,
              "context": null,
              "code": "const loginPage = new LoginPage(driver);\nawait loginPage.login(\"\", \"\");\nconst eror = await loginPage.getErrorMessage();\nassert.strictEqual(eror, \"Epic sadface: Username is required\");\nlet full_ss = await driver.takeScreenshot();\nfs.writeFileSync('report_ss/login/empty.png', Buffer.from(full_ss, 'base64'));",
              "err": {},
              "uuid": "6c0eb3f2-736f-4231-acde-b949d62b71a5",
              "parentUUID": "fab6a6bc-1f18-428b-8cf7-e9b491029a15",
              "isHook": false,
              "skipped": false
            },
            {
              "title": "Login with problem user",
              "fullTitle": "SAUCEDEMO Login with problem user",
              "timedOut": false,
              "duration": 486,
              "state": "passed",
              "speed": "slow",
              "pass": true,
              "fail": false,
              "pending": false,
              "context": null,
              "code": "const loginPage = new LoginPage(driver);\nawait loginPage.login(\"problem_user\", \"secret_sauce\");\nconst eror = await loginPage.assertErorProblemUser();\nassert.strictEqual(eror, true, \"Berhasil login tapi gambar tidak muncul pada halaman produk\");\nlet full_ss = await driver.takeScreenshot();\nfs.writeFileSync('report_ss/login/problem user.png', Buffer.from(full_ss, 'base64'));",
              "err": {},
              "uuid": "6317325b-6f6b-4293-8ff3-17eacdaacf75",
              "parentUUID": "fab6a6bc-1f18-428b-8cf7-e9b491029a15",
              "isHook": false,
              "skipped": false
            },
            {
              "title": "Login with performance glitched user",
              "fullTitle": "SAUCEDEMO Login with performance glitched user",
              "timedOut": false,
              "duration": 5528,
              "state": "passed",
              "speed": "slow",
              "pass": true,
              "fail": false,
              "pending": false,
              "context": null,
              "code": "const loginPage = new LoginPage(driver);\nawait loginPage.login(\"performance_glitch_user\", \"secret_sauce\");\nconst isDisplayed = await loginPage.assertProdukDisplayed();\nassert.strictEqual(isDisplayed, true, \"Berhasil login tapi lambat menampilkan halaman produk\");\nlet full_ss = await driver.takeScreenshot();\nfs.writeFileSync('report_ss/login/performance glitch user.png', Buffer.from(full_ss, 'base64'));",
              "err": {},
              "uuid": "66177d3f-7b1f-4c1f-9a6e-d73ccf218e92",
              "parentUUID": "fab6a6bc-1f18-428b-8cf7-e9b491029a15",
              "isHook": false,
              "skipped": false
            }
          ],
          "suites": [],
          "passes": [
            "82794f91-5b03-4bd7-bba0-a0626a349d6f",
            "4f9c920d-fcf2-4879-be44-47ef99bda309",
            "7ab55ad0-04fb-4739-bfca-9350430d2bae",
            "3d91e09e-a506-4575-b2b9-8509f7aa027f",
            "10cacab7-455c-4e15-b399-cb10ff7a17c6",
            "2e36fb5e-931c-4211-a76c-aa9bdd61e9b4",
            "6c0eb3f2-736f-4231-acde-b949d62b71a5",
            "6317325b-6f6b-4293-8ff3-17eacdaacf75",
            "66177d3f-7b1f-4c1f-9a6e-d73ccf218e92"
          ],
          "failures": [],
          "pending": [],
          "skipped": [],
          "duration": 8873,
          "root": false,
          "rootEmpty": false,
          "_timeout": 50000
        }
      ],
      "passes": [],
      "failures": [],
      "pending": [],
      "skipped": [],
      "duration": 0,
      "root": true,
      "rootEmpty": true,
      "_timeout": 2000
    }
  ],
  "meta": {
    "mocha": {
      "version": "11.7.4"
    },
    "mochawesome": {
      "options": {
        "quiet": false,
        "reportFilename": "tc01_login",
        "saveHtml": true,
        "saveJson": true,
        "consoleReporter": "spec",
        "useInlineDiffs": false,
        "code": true
      },
      "version": "7.1.4"
    },
    "marge": {
      "options": {
        "reportDir": "mochawesome-report/report_login",
        "reportFilename": "tc01_login"
      },
      "version": "6.3.0"
    }
  }
}